[debug] ----------------------------------------------------------------------
[debug] Command:      /usr/local/bin/node /usr/local/bin/firebase serve
[debug] CLI Version:  3.0.7
[debug] Platform:     darwin
[debug] Node Version: v4.5.0
[debug] Time:         Fri Sep 30 2016 02:06:30 GMT-0400 (EDT)
[debug] ----------------------------------------------------------------------
[debug] 
[info] Starting Firebase development server...
[info] 
[info] Project Directory: /Users/shelby/Dropbox/GMU/SWE432/hw4
[warn] ⚠  Port 5000 is not available. Trying another port...
[info] Public Directory: public
[info] 
[info] Server listening at: http://localhost:5001
[debug] ----------------------------------------------------------------------
[debug] Command:      /usr/local/bin/node /usr/local/bin/firebase serve
[debug] CLI Version:  3.0.7
[debug] Platform:     darwin
[debug] Node Version: v4.5.0
[debug] Time:         Fri Sep 30 2016 02:26:55 GMT-0400 (EDT)
[debug] ----------------------------------------------------------------------
[debug] 
[info] Starting Firebase development server...
[info] 
[info] Project Directory: /Users/shelby/Dropbox/GMU/SWE432/hw4
[warn] ⚠  Port 5000 is not available. Trying another port...
[warn] ⚠  Port 5001 is not available. Trying another port...
[info] Public Directory: public
[info] 
[info] Server listening at: http://localhost:5002
